-------------------------------------------------------------------------------
Test set: com.secure.demo.SpringBootSecureWebApplicationTests
-------------------------------------------------------------------------------
Tests run: 1, Failures: 0, Errors: 1, Skipped: 0, Time elapsed: 3.905 s <<< FAILURE! - in com.secure.demo.SpringBootSecureWebApplicationTests
contextLoads(com.secure.demo.SpringBootSecureWebApplicationTests)  Time elapsed: 0 s  <<< ERROR!
java.lang.IllegalStateException: Failed to load ApplicationContext
Caused by: org.springframework.beans.factory.BeanCreationException: Error creating bean with name 'entityManagerFactory' defined in class path resource [org/springframework/boot/autoconfigure/orm/jpa/HibernateJpaConfiguration.class]: Invocation of init method failed; nested exception is javax.xml.stream.FactoryConfigurationError: Provider for class javax.xml.stream.XMLEventFactory cannot be created
Caused by: javax.xml.stream.FactoryConfigurationError: Provider for class javax.xml.stream.XMLEventFactory cannot be created
Caused by: java.lang.RuntimeException: Provider for class javax.xml.stream.XMLEventFactory cannot be created
Caused by: java.util.ServiceConfigurationError: javax.xml.stream.XMLEventFactory: Provider com.ctc.wstx.stax.WstxEventFactory could not be instantiated
Caused by: java.lang.SecurityException: class "org.codehaus.stax2.evt.DTD2"'s signer information does not match signer information of other classes in the same package

